Base path: 'D:/Program Files/2019.3.12f1/Editor/Data', plugins path 'D:/Program Files/2019.3.12f1/Editor/Data/PlaybackEngines'
Cmd: initializeCompiler
Cmd: preprocessCompute
  insize=421 outsize=420 ok=1
Cmd: compileComputeKernel
  api=4 insize=420 outsize=461 ok=1
Cmd: preprocessCompute
  insize=421 outsize=420 ok=1
Cmd: preprocessCompute
  insize=421 outsize=420 ok=1
Cmd: preprocessCompute
  insize=396 outsize=393 ok=0
Cmd: preprocessCompute
  insize=506 outsize=503 ok=0
Cmd: preprocessCompute
  insize=334 outsize=343 ok=1
Cmd: compileComputeKernel
  error: 2 plat 4 at SPHobjects.compute(5): unrecognized identifier 'Vector3'
  error: 1 plat 4 at SPHobjects.compute(21): 'float' : macro redefinition
  error: 1 plat 4 at SPHobjects.compute(22): 'float' : macro redefinition
  api=4 insize=343 outsize=0 ok=0
Cmd: preprocessCompute
  insize=990 outsize=987 ok=0
Cmd: preprocessCompute
  insize=5952 outsize=5955 ok=1
Cmd: compileComputeKernel
  error: 2 plat 4 at SPHobjects.compute(12): syntax error: unexpected token 'struct'
  error: 1 plat 4 at SPHobjects.compute(32): 'float' : macro redefinition
  error: 1 plat 4 at SPHobjects.compute(33): 'float' : macro redefinition
  api=4 insize=5955 outsize=0 ok=0
